<?xml version="1.0" encoding="UTF-8" ?>
<testsuite failures="0" time="47.559" errors="0" skipped="16" tests="20" name="derpbear.RunCukeTest">
  <properties>
[...]
</properties>
  <testcase time="3.097" classname="Scenario: Valid user login" name="Given I visit derpbear">
    <skipped/>
  </testcase>
  <testcase time="3.103" classname="Scenario: Valid user login" name="When I login">
    <skipped/>
  </testcase>
  <testcase time="3.104" classname="Scenario: Valid user login" name="Then I should see the logged in message">
    <skipped/>
  </testcase>
  <testcase time="3.697" classname="Scenario: Valid user login" name="Scenario: Valid user login">
    <skipped/>
  </testcase>
  <testcase time="3.698" classname="Scenario: Valid user login" name="Scenario: Valid user login"/>
  <testcase time="1.81" classname="Scenario: Valid user login other example" name="Given I visit derpbear">
    <skipped/>
  </testcase>
  <testcase time="1.811" classname="Scenario: Valid user login other example" name="When I login">
    <skipped/>
  </testcase>
  <testcase time="1.812" classname="Scenario: Valid user login other example" name="Then I should see \&quot;You are now Logged in.\&quot;">
    <skipped/>
  </testcase>
  <testcase time="2.41" classname="Scenario: Valid user login other example" name="Scenario: Valid user login other example">
    <skipped/>
  </testcase>
  <testcase time="2.41" classname="Scenario: Valid user login other example" name="Scenario: Valid user login other example"/>
  <testcase time="1.851" classname="Scenario: Invalid user login" name="Given I visit derpbear">
    <skipped/>
  </testcase>
  <testcase time="1.851" classname="Scenario: Invalid user login" name="When I login">
    <skipped/>
  </testcase>
  <testcase time="1.852" classname="Scenario: Invalid user login" name="Then I should see the logged in message">
    <skipped/>
  </testcase>
  <testcase time="2.419" classname="Scenario: Invalid user login" name="Scenario: Invalid user login">
    <skipped/>
  </testcase>
  <testcase time="2.419" classname="Scenario: Invalid user login" name="Scenario: Invalid user login"/>
  <testcase time="1.81" classname="Scenario: Invalid user login other example" name="Given I visit derpbear">
    <skipped/>
  </testcase>
  <testcase time="1.811" classname="Scenario: Invalid user login other example" name="When I login">
    <skipped/>
  </testcase>
  <testcase time="1.812" classname="Scenario: Invalid user login other example" name="Then I should see \&quot;Username or Password incorrect!\&quot;">
    <skipped/>
  </testcase>
  <testcase time="2.391" classname="Scenario: Invalid user login other example" name="Scenario: Invalid user login other example">
    <skipped/>
  </testcase>
  <testcase time="2.391" classname="Scenario: Invalid user login other example" name="Scenario: Invalid user login other example"/>
</testsuite>